Flutter crash report.
Please report a bug at https://github.com/flutter/flutter/issues.

## command

flutter run --machine --start-paused -d emulator-5554 --devtools-server-address http://127.0.0.1:9100/ --target lib/main.dart

## exception

ShaderCompilerException: ShaderCompilerException: The impellerc utility is missing at "/Users/awais/Downloads/flutter/bin/cache/artifacts/engine/darwin-x64/impellerc". Run "flutter doctor".



```
#0      ShaderCompiler.compileShader (package:flutter_tools/src/build_system/targets/shader_compiler.dart:172:7)
#1      DevelopmentShaderCompiler.recompileShader (package:flutter_tools/src/build_system/targets/shader_compiler.dart:105:50)
<asynchronous suspension>
```

## flutter doctor

```
[☠] Flutter (the doctor check crashed)
    ✗ Due to an error, the doctor check did not complete. If the error message below is not helpful, please let us know about this issue at https://github.com/flutter/flutter/issues.
    ✗ Exception: Could not find directory at /Users/awais/Downloads/flutter/bin/cache/dart-sdk/bin/resources/devtools
    • #0      Cache.devToolsVersion (package:flutter_tools/src/cache.dart:384:9)
      #1      _DefaultDoctorValidatorsProvider.validators.<anonymous closure> (package:flutter_tools/src/doctor.dart:126:46)
      #2      FlutterValidator.validate (package:flutter_tools/src/doctor.dart:530:84)
      #3      Doctor.startValidatorTasks.<anonymous closure> (package:flutter_tools/src/doctor.dart:250:72)
      #4      asyncGuard.<anonymous closure> (package:flutter_tools/src/base/async_guard.dart:111:32)
      #5      _rootRun (dart:async/zone.dart:1398:13)
      #6      _CustomZone.run (dart:async/zone.dart:1300:19)
      #7      _runZoned (dart:async/zone.dart:1803:10)
      #8      runZonedGuarded (dart:async/zone.dart:1791:12)
      #9      runZoned (dart:async/zone.dart:1743:12)
      #10     asyncGuard (package:flutter_tools/src/base/async_guard.dart:109:3)
      #11     Doctor.startValidatorTasks (package:flutter_tools/src/doctor.dart:242:9)
      #12     DoctorText._validatorTasks (package:flutter_tools/src/doctor.dart:739:60)
      #13     DoctorText._validatorTasks (package:flutter_tools/src/doctor.dart)
      #14     DoctorText._runDiagnosis (package:flutter_tools/src/doctor.dart:743:53)
      #15     DoctorText.text (package:flutter_tools/src/doctor.dart:735:36)
      #16     DoctorText.text (package:flutter_tools/src/doctor.dart)
      #17     _createLocalCrashReport (package:flutter_tools/runner.dart:206:51)
      #18     _handleToolError (package:flutter_tools/runner.dart:168:31)
      <asynchronous suspension>
      #19     run.<anonymous closure>.<anonymous closure> (package:flutter_tools/runner.dart:87:7)
      <asynchronous suspension>


[✓] Android toolchain - develop for Android devices (Android SDK version 34.0.0)
    • Android SDK at /Users/awais/Library/Android/sdk
    • Platform android-34, build-tools 34.0.0
    • Java binary at: /Applications/Android Studio.app/Contents/jbr/Contents/Home/bin/java
    • Java version OpenJDK Runtime Environment (build 17.0.6+0-17.0.6b829.9-10027231)
    • All Android licenses accepted.

[✓] Xcode - develop for iOS and macOS (Xcode 15.0.1)
    • Xcode at /Applications/Xcode.app/Contents/Developer
    • Build 15A507
    • CocoaPods version 1.14.2

[✓] Chrome - develop for the web
    • Chrome at /Applications/Google Chrome.app/Contents/MacOS/Google Chrome

[✓] Android Studio (version 2022.3)
    • Android Studio at /Applications/Android Studio.app/Contents
    • Flutter plugin can be installed from:
      🔨 https://plugins.jetbrains.com/plugin/9212-flutter
    • Dart plugin can be installed from:
      🔨 https://plugins.jetbrains.com/plugin/6351-dart
    • Java version OpenJDK Runtime Environment (build 17.0.6+0-17.0.6b829.9-10027231)

[✓] VS Code (version 1.84.2)
    • VS Code at /Applications/Visual Studio Code.app/Contents
    • Flutter extension version 3.78.0

[✓] Connected device (3 available)
    • Android SDK built for arm64 (mobile) • emulator-5554 • android-arm64  • Android 10 (API 29) (emulator)
    • macOS (desktop)                      • macos         • darwin-arm64   • macOS 14.1.1 23B81 darwin-arm64
    • Chrome (web)                         • chrome        • web-javascript • Google Chrome 119.0.6045.199

[✓] HTTP Host Availability
    • All required HTTP hosts are available

! Doctor found issues in 1 category.
```
